<?xml version="1.0" encoding="UTF-8"?>
<testng-results total="1" passed="1" failed="0" skipped="0">
  <reporter-output>
  </reporter-output>
  <suite started-at="2018-12-21T18:50:30Z" name="Surefire suite" finished-at="2018-12-21T18:50:31Z" duration-ms="614">
    <groups>
    </groups>
    <test started-at="2018-12-21T18:50:30Z" name="Surefire test" finished-at="2018-12-21T18:50:31Z" duration-ms="614">
      <class name="executaveis.Felipe.TesteBD">
        <test-method signature="testChange()[pri:0, instance:testChange(executaveis.Felipe.TesteBD)]" started-at="2018-12-21T16:50:30Z" name="testChange" finished-at="2018-12-21T16:50:31Z" duration-ms="564" status="PASS">
          <reporter-output>
          </reporter-output>
        </test-method> <!-- testChange -->
      </class> <!-- executaveis.Felipe.TesteBD -->
    </test> <!-- Surefire test -->
  </suite> <!-- Surefire suite -->
</testng-results>
